2025-07-24 16:01:05,861 - utils - INFO - NPAMonitorBot initialized successfully
2025-07-24 16:01:05,861 - utils - INFO - Started monitoring loop
2025-07-24 16:01:05,861 - utils - INFO - Background monitoring started
2025-07-24 16:01:05,862 - utils - INFO - Starting NPA Monitor Bot...
2025-07-24 16:01:08,321 - utils - INFO - Bot is running.
2025-07-24 16:01:32,795 - utils - INFO - Database engine disposed
2025-07-24 16:01:32,796 - utils - INFO - Background monitoring stopped
2025-07-24 16:01:33,726 - utils - INFO - Bot shutdown complete
2025-07-24 16:29:42,358 - utils - INFO - NPAMonitorBot initialized successfully
2025-07-24 16:29:42,359 - utils - INFO - Started monitoring loop
2025-07-24 16:29:42,359 - utils - INFO - Background monitoring started
2025-07-24 16:29:42,360 - utils - INFO - Starting NPA Monitor Bot...
2025-07-24 16:29:43,279 - utils - INFO - Bot is running.
2025-07-24 16:35:20,114 - utils - INFO - NPAMonitorBot initialized successfully
2025-07-24 16:35:20,114 - utils - INFO - Background monitoring started
2025-07-24 16:35:20,115 - utils - INFO - Starting NPA Monitor Bot...
2025-07-24 16:35:20,115 - utils - INFO - Started monitoring loop
2025-07-24 16:35:24,211 - utils - INFO - Monitoring check completed: 0 new records
2025-07-24 16:35:25,503 - utils - INFO - Bot is running.
2025-07-24 16:37:00,689 - utils - INFO - Database engine disposed
2025-07-24 16:37:00,691 - utils - INFO - Background monitoring stopped
2025-07-24 16:37:01,345 - utils - INFO - Bot shutdown complete
2025-07-24 16:37:10,923 - utils - INFO - NPAMonitorBot initialized successfully
2025-07-24 16:37:10,923 - utils - INFO - Background monitoring started
2025-07-24 16:37:10,923 - utils - INFO - Starting NPA Monitor Bot...
2025-07-24 16:37:10,923 - utils - INFO - Started monitoring loop
2025-07-24 16:37:15,508 - utils - INFO - Monitoring check completed: 0 new records
2025-07-24 16:37:16,704 - utils - INFO - Bot is running.
2025-07-24 16:37:23,107 - utils - INFO - Database engine disposed
2025-07-24 16:37:23,107 - utils - INFO - Background monitoring stopped
2025-07-24 16:37:24,077 - utils - INFO - Bot shutdown complete
2025-07-24 16:40:35,172 - utils - INFO - NPAMonitorBot initialized successfully
2025-07-24 16:40:35,172 - utils - INFO - Background monitoring started
2025-07-24 16:40:35,173 - utils - INFO - Starting NPA Monitor Bot...
2025-07-24 16:40:35,173 - utils - INFO - Started monitoring loop
2025-07-24 16:40:41,599 - utils - INFO - Monitoring check completed: 0 new records
2025-07-24 16:40:42,950 - utils - INFO - Bot is running.
2025-07-24 16:40:59,626 - utils - INFO - Manual check for BRV GW193917 completed with 1 records found
2025-07-24 16:41:34,986 - utils - INFO - Manual check for BRV GN717320 completed with 2 records found
2025-07-24 16:42:43,995 - utils - INFO - Manual check for BRV AK139421 completed with 1 records found
2025-07-24 16:43:51,380 - utils - INFO - Status command used by user 987905940
2025-07-24 16:45:47,670 - utils - INFO - Monitoring check completed: 0 new records
2025-07-24 16:50:53,750 - utils - INFO - Monitoring check completed: 0 new records
2025-07-24 16:56:00,282 - utils - INFO - Monitoring check completed: 0 new records
2025-07-24 16:59:26,179 - utils - INFO - Status command used by user 987905940
2025-07-24 16:59:33,943 - utils - INFO - Database engine disposed
2025-07-24 16:59:33,943 - utils - INFO - Background monitoring stopped
2025-07-24 16:59:34,878 - utils - INFO - Bot shutdown complete
2025-07-24 16:59:55,757 - utils - INFO - NPAMonitorBot initialized successfully
2025-07-24 16:59:55,757 - utils - INFO - Background monitoring started
2025-07-24 16:59:55,757 - utils - INFO - Starting NPA Monitor Bot...
2025-07-24 16:59:55,757 - utils - INFO - Started monitoring loop
2025-07-24 17:00:10,265 - utils - INFO - Bot is running.
2025-07-24 17:00:10,268 - utils - INFO - Notification sent to group -4858489852
2025-07-24 17:00:10,269 - utils - INFO - Monitoring check completed: 1 new records
2025-07-24 17:01:24,515 - utils - INFO - PDF report sent to chat -4858489852
2025-07-24 17:02:29,571 - utils - ERROR - Manual check failed: Can't parse entities: can't find end of the entity starting at byte offset 347
2025-07-24 17:03:03,977 - utils - INFO - Status command used by user 987905940
2025-07-24 17:04:03,818 - utils - INFO - Manual check for BRV GE743Y completed with 2 records found
2025-07-24 17:05:16,687 - utils - INFO - Notification sent to group -4858489852
2025-07-24 17:05:16,688 - utils - INFO - Monitoring check completed: 1 new records
2025-07-24 17:09:55,963 - utils - INFO - Database engine disposed
2025-07-24 17:09:55,964 - utils - INFO - Background monitoring stopped
2025-07-24 17:09:56,648 - utils - INFO - Bot shutdown complete
